<?xml version="1.0" encoding="UTF-8"?>
<!-- Generated by org.testng.reporters.JUnitXMLReporter -->
<testsuite ignored="0" hostname="INLEN8520062616" failures="0" tests="2" name="Error Valications Test" time="29.049" errors="0" timestamp="2026-02-20T13:32:28 IST">
  <testcase classname="BOTPAssignment.SeleniumFrameworkDesign.Tests.ErrorValidationsTest" name="productErrorValidation" time="15.786"/>
  <testcase classname="BOTPAssignment.SeleniumFrameworkDesign.Tests.ErrorValidationsTest" name="submitOrder" time="0.927"/>
</testsuite> <!-- Error Valications Test -->
