<?xml version="1.0" encoding="UTF-8"?>
<!-- Generated by org.testng.reporters.JUnitXMLReporter -->
<testsuite ignored="0" hostname="INLEN8520062616" failures="2" tests="3" name="Order History" time="27.005" errors="0" timestamp="2026-03-05T17:23:46 IST">
  <testcase classname="BOTPAssignment.SeleniumFrameworkDesign.Tests.OrderHistoryTest" name="OrderHistory" time="1.252"/>
  <testcase classname="BOTPAssignment.SeleniumFrameworkDesign.Tests.OrderHistoryTest" name="OrderHistory" time="0.053">
    <failure type="java.lang.IllegalArgumentException" message="Keys to send should be a not null CharSequence">
      <![CDATA[java.lang.IllegalArgumentException: Keys to send should be a not null CharSequence
at org.openqa.selenium.remote.RemoteWebElement.sendKeys(RemoteWebElement.java:96)
at org.openqa.selenium.support.pagefactory.internal.LocatingElementHandler.invoke(LocatingElementHandler.java:51)
at jdk.proxy2/jdk.proxy2.$Proxy15.sendKeys(Unknown Source)
at BOTPAssignment.pageobjects.LandingPage.loginApplication(LandingPage.java:33)
at BOTPAssignment.SeleniumFrameworkDesign.Tests.OrderHistoryTest.OrderHistory(OrderHistoryTest.java:17)
at java.base/java.util.ArrayList.forEach(ArrayList.java:1511)
... Removed 31 stack frames]]>
    </failure>
  </testcase> <!-- OrderHistory -->
  <testcase classname="BOTPAssignment.SeleniumFrameworkDesign.Tests.OrderHistoryTest" name="OrderHistory" time="0.031">
    <failure type="java.lang.IllegalArgumentException" message="Keys to send should be a not null CharSequence">
      <![CDATA[java.lang.IllegalArgumentException: Keys to send should be a not null CharSequence
at org.openqa.selenium.remote.RemoteWebElement.sendKeys(RemoteWebElement.java:96)
at org.openqa.selenium.support.pagefactory.internal.LocatingElementHandler.invoke(LocatingElementHandler.java:51)
at jdk.proxy2/jdk.proxy2.$Proxy15.sendKeys(Unknown Source)
at BOTPAssignment.pageobjects.LandingPage.loginApplication(LandingPage.java:33)
at BOTPAssignment.SeleniumFrameworkDesign.Tests.OrderHistoryTest.OrderHistory(OrderHistoryTest.java:17)
at java.base/java.util.ArrayList.forEach(ArrayList.java:1511)
... Removed 30 stack frames]]>
    </failure>
  </testcase> <!-- OrderHistory -->
</testsuite> <!-- Order History -->
