<?xml version="1.0" encoding="UTF-8"?>
<!-- Generated by org.testng.reporters.JUnitXMLReporter -->
<testsuite ignored="0" hostname="INLEN8520062616" failures="2" tests="3" name="Search Product Test" time="36.024" errors="0" timestamp="2026-03-05T17:23:19 IST">
  <testcase classname="BOTPAssignment.SeleniumFrameworkDesign.Tests.SearchProductTest" name="serchProduct" time="15.196"/>
  <testcase classname="BOTPAssignment.SeleniumFrameworkDesign.Tests.SearchProductTest" name="serchProduct" time="0.037">
    <failure type="java.lang.IllegalArgumentException" message="Keys to send should be a not null CharSequence">
      <![CDATA[java.lang.IllegalArgumentException: Keys to send should be a not null CharSequence
at org.openqa.selenium.remote.RemoteWebElement.sendKeys(RemoteWebElement.java:96)
at org.openqa.selenium.support.pagefactory.internal.LocatingElementHandler.invoke(LocatingElementHandler.java:51)
at jdk.proxy2/jdk.proxy2.$Proxy15.sendKeys(Unknown Source)
at BOTPAssignment.pageobjects.LandingPage.loginApplication(LandingPage.java:33)
at BOTPAssignment.SeleniumFrameworkDesign.Tests.SearchProductTest.serchProduct(SearchProductTest.java:18)
at java.base/java.util.ArrayList.forEach(ArrayList.java:1511)
... Removed 31 stack frames]]>
    </failure>
  </testcase> <!-- serchProduct -->
  <testcase classname="BOTPAssignment.SeleniumFrameworkDesign.Tests.SearchProductTest" name="serchProduct" time="0.04">
    <failure type="java.lang.IllegalArgumentException" message="Keys to send should be a not null CharSequence">
      <![CDATA[java.lang.IllegalArgumentException: Keys to send should be a not null CharSequence
at org.openqa.selenium.remote.RemoteWebElement.sendKeys(RemoteWebElement.java:96)
at org.openqa.selenium.support.pagefactory.internal.LocatingElementHandler.invoke(LocatingElementHandler.java:51)
at jdk.proxy2/jdk.proxy2.$Proxy15.sendKeys(Unknown Source)
at BOTPAssignment.pageobjects.LandingPage.loginApplication(LandingPage.java:33)
at BOTPAssignment.SeleniumFrameworkDesign.Tests.SearchProductTest.serchProduct(SearchProductTest.java:18)
at java.base/java.util.ArrayList.forEach(ArrayList.java:1511)
... Removed 31 stack frames]]>
    </failure>
  </testcase> <!-- serchProduct -->
</testsuite> <!-- Search Product Test -->
