<?xml version="1.0" encoding="UTF-8"?>
<!-- Generated by org.testng.reporters.JUnitXMLReporter -->
<testsuite ignored="0" hostname="INLEN8520062616" failures="1" tests="1" name="Search Product Test" time="6.436" errors="0" timestamp="2026-03-09T14:31:26 IST">
  <testcase classname="BOTPAssignment.SeleniumFrameworkDesign.Tests.SearchProductTest" name="serchProduct" time="2.006">
    <failure type="org.openqa.selenium.ElementClickInterceptedException" message="element click intercepted: Element is not clickable at point (500, 505)
  (Session info: chrome=145.0.7632.117)
Build info: version: &amp;apos;4.39.0&amp;apos;, revision: &amp;apos;126f156aee&amp;apos;
System info: os.name: &amp;apos;Windows 11&amp;apos;, os.arch: &amp;apos;amd64&amp;apos;, os.version: &amp;apos;10.0&amp;apos;, java.version: &amp;apos;17.0.7&amp;apos;
Driver info: org.openqa.selenium.chrome.ChromeDriver
Command: [a85379e3e9c61feba7fa72f4e39a4233, clickElement {id=f.3F65804F6E223AB9A531629944AEDE0D.d.C14468E2100FB98F0FFECE32D5E9BF38.e.76}]
Capabilities {acceptInsecureCerts: false, browserName: chrome, browserVersion: 145.0.7632.117, chrome: {chromedriverVersion: 145.0.7632.117 (de4e5d6e13b..., userDataDir: C:\Users\pratibpa\AppData\L...}, fedcm:accounts: true, goog:chromeOptions: {debuggerAddress: localhost:54347}, goog:processID: 27268, networkConnectionEnabled: false, pageLoadStrategy: normal, platformName: windows, proxy: Proxy(), se:cdp: ws://localhost:54347/devtoo..., se:cdpVersion: 145.0.7632.117, setWindowRect: true, strictFileInteractability: false, timeouts: {implicit: 0, pageLoad: 300000, script: 30000}, unhandledPromptBehavior: dismiss and notify, webauthn:extension:credBlob: true, webauthn:extension:largeBlob: true, webauthn:extension:minPinLength: true, webauthn:extension:prf: true, webauthn:virtualAuthenticators: true}
Element: [[[[ChromeDriver: chrome on windows (a85379e3e9c61feba7fa72f4e39a4233)] -&amp;gt; css selector: .mb-3]] -&amp;gt; css selector: button[class=&amp;apos;btn w-10 rounded&amp;apos;] i[class=&amp;apos;fa fa-shopping-cart&amp;apos;]]
Session ID: a85379e3e9c61feba7fa72f4e39a4233">
      <![CDATA[org.openqa.selenium.ElementClickInterceptedException: element click intercepted: Element is not clickable at point (500, 505)
  (Session info: chrome=145.0.7632.117)
Build info: version: '4.39.0', revision: '126f156aee'
System info: os.name: 'Windows 11', os.arch: 'amd64', os.version: '10.0', java.version: '17.0.7'
Driver info: org.openqa.selenium.chrome.ChromeDriver
Command: [a85379e3e9c61feba7fa72f4e39a4233, clickElement {id=f.3F65804F6E223AB9A531629944AEDE0D.d.C14468E2100FB98F0FFECE32D5E9BF38.e.76}]
Capabilities {acceptInsecureCerts: false, browserName: chrome, browserVersion: 145.0.7632.117, chrome: {chromedriverVersion: 145.0.7632.117 (de4e5d6e13b..., userDataDir: C:\Users\pratibpa\AppData\L...}, fedcm:accounts: true, goog:chromeOptions: {debuggerAddress: localhost:54347}, goog:processID: 27268, networkConnectionEnabled: false, pageLoadStrategy: normal, platformName: windows, proxy: Proxy(), se:cdp: ws://localhost:54347/devtoo..., se:cdpVersion: 145.0.7632.117, setWindowRect: true, strictFileInteractability: false, timeouts: {implicit: 0, pageLoad: 300000, script: 30000}, unhandledPromptBehavior: dismiss and notify, webauthn:extension:credBlob: true, webauthn:extension:largeBlob: true, webauthn:extension:minPinLength: true, webauthn:extension:prf: true, webauthn:virtualAuthenticators: true}
Element: [[[[ChromeDriver: chrome on windows (a85379e3e9c61feba7fa72f4e39a4233)] -> css selector: .mb-3]] -> css selector: button[class='btn w-10 rounded'] i[class='fa fa-shopping-cart']]
Session ID: a85379e3e9c61feba7fa72f4e39a4233
at org.openqa.selenium.remote.ErrorCodec.decode(ErrorCodec.java:167)
at org.openqa.selenium.remote.codec.w3c.W3CHttpResponseCodec.decode(W3CHttpResponseCodec.java:142)
at org.openqa.selenium.remote.codec.w3c.W3CHttpResponseCodec.decode(W3CHttpResponseCodec.java:49)
at org.openqa.selenium.remote.HttpCommandExecutor.execute(HttpCommandExecutor.java:215)
at org.openqa.selenium.remote.service.DriverCommandExecutor.invokeExecute(DriverCommandExecutor.java:216)
at org.openqa.selenium.remote.service.DriverCommandExecutor.execute(DriverCommandExecutor.java:174)
at org.openqa.selenium.remote.RemoteWebDriver.execute(RemoteWebDriver.java:561)
at org.openqa.selenium.remote.RemoteWebElement.execute(RemoteWebElement.java:223)
at org.openqa.selenium.remote.RemoteWebElement.click(RemoteWebElement.java:76)
at BOTPAssignment.pageobjects.SearchProduct.addSearchedProductToCart(SearchProduct.java:67)
at BOTPAssignment.SeleniumFrameworkDesign.Tests.SearchProductTest.serchProduct(SearchProductTest.java:25)
at java.base/java.util.ArrayList.forEach(ArrayList.java:1511)
... Removed 32 stack frames]]>
    </failure>
  </testcase> <!-- serchProduct -->
</testsuite> <!-- Search Product Test -->
