<?xml version="1.0" encoding="UTF-8"?>
<testng-results ignored="0" total="5" passed="5" failed="0" skipped="0">
  <reporter-output>
  </reporter-output>
  <suite started-at="2026-03-09T14:58:07 IST" name="Suite" finished-at="2026-03-09T14:59:31 IST" duration-ms="83491">
    <groups>
    </groups>
    <test started-at="2026-03-09T14:58:07 IST" name="Submit Order Test" finished-at="2026-03-09T14:58:35 IST" duration-ms="28220">
      <class name="BOTPAssignment.SeleniumFrameworkDesign.Tests.SubmitOrderTest">
        <test-method is-config="true" signature="launchApplication()[pri:0, instance:BOTPAssignment.SeleniumFrameworkDesign.Tests.SubmitOrderTest@2c95ac9e]" started-at="2026-03-09T14:58:08 IST" name="launchApplication" finished-at="2026-03-09T14:58:17 IST" duration-ms="9035" status="PASS">
          <reporter-output>
          </reporter-output>
        </test-method> <!-- launchApplication -->
        <test-method signature="submitOrder(java.lang.String,java.lang.String,java.lang.String,java.lang.String)[pri:0, instance:BOTPAssignment.SeleniumFrameworkDesign.Tests.SubmitOrderTest@2c95ac9e]" started-at="2026-03-09T14:58:17 IST" name="submitOrder" data-provider="excelData" finished-at="2026-03-09T14:58:35 IST" duration-ms="17632" status="PASS">
          <params>
            <param index="0">
              <value>
                <![CDATA[pratibhapatil@gmail.com]]>
              </value>
            </param>
            <param index="1">
              <value>
                <![CDATA[Pratibha@04]]>
              </value>
            </param>
            <param index="2">
              <value>
                <![CDATA[ZARA COAT 3]]>
              </value>
            </param>
            <param index="3">
              <value>
                <![CDATA[iphone 13 pro]]>
              </value>
            </param>
          </params>
          <reporter-output>
          </reporter-output>
        </test-method> <!-- submitOrder -->
        <test-method is-config="true" signature="tearDown()[pri:0, instance:BOTPAssignment.SeleniumFrameworkDesign.Tests.SubmitOrderTest@2c95ac9e]" started-at="2026-03-09T14:58:35 IST" name="tearDown" finished-at="2026-03-09T14:58:35 IST" duration-ms="501" status="PASS">
          <reporter-output>
          </reporter-output>
        </test-method> <!-- tearDown -->
      </class> <!-- BOTPAssignment.SeleniumFrameworkDesign.Tests.SubmitOrderTest -->
    </test> <!-- Submit Order Test -->
    <test started-at="2026-03-09T14:58:36 IST" name="Error Validations Test" finished-at="2026-03-09T14:58:43 IST" duration-ms="6473">
      <class name="BOTPAssignment.SeleniumFrameworkDesign.Tests.ErrorValidationsTest">
        <test-method is-config="true" signature="launchApplication()[pri:0, instance:BOTPAssignment.SeleniumFrameworkDesign.Tests.ErrorValidationsTest@1a2e2935]" started-at="2026-03-09T14:58:36 IST" name="launchApplication" finished-at="2026-03-09T14:58:41 IST" duration-ms="5092" status="PASS">
          <reporter-output>
          </reporter-output>
        </test-method> <!-- launchApplication -->
        <test-method signature="submitOrder(java.lang.String,java.lang.String)[pri:0, instance:BOTPAssignment.SeleniumFrameworkDesign.Tests.ErrorValidationsTest@1a2e2935]" started-at="2026-03-09T14:58:41 IST" name="submitOrder" data-provider="excelData" finished-at="2026-03-09T14:58:42 IST" duration-ms="953" status="PASS">
          <params>
            <param index="0">
              <value>
                <![CDATA[anshika@gmail.com]]>
              </value>
            </param>
            <param index="1">
              <value>
                <![CDATA[Anshika@04]]>
              </value>
            </param>
          </params>
          <reporter-output>
          </reporter-output>
        </test-method> <!-- submitOrder -->
        <test-method is-config="true" signature="tearDown()[pri:0, instance:BOTPAssignment.SeleniumFrameworkDesign.Tests.ErrorValidationsTest@1a2e2935]" started-at="2026-03-09T14:58:42 IST" name="tearDown" finished-at="2026-03-09T14:58:43 IST" duration-ms="322" status="PASS">
          <reporter-output>
          </reporter-output>
        </test-method> <!-- tearDown -->
      </class> <!-- BOTPAssignment.SeleniumFrameworkDesign.Tests.ErrorValidationsTest -->
    </test> <!-- Error Validations Test -->
    <test started-at="2026-03-09T14:58:43 IST" name="Search Product Test" finished-at="2026-03-09T14:59:03 IST" duration-ms="20343">
      <class name="BOTPAssignment.SeleniumFrameworkDesign.Tests.SearchProductTest">
        <test-method is-config="true" signature="launchApplication()[pri:0, instance:BOTPAssignment.SeleniumFrameworkDesign.Tests.SearchProductTest@1b9ea3e3]" started-at="2026-03-09T14:58:43 IST" name="launchApplication" finished-at="2026-03-09T14:58:48 IST" duration-ms="5198" status="PASS">
          <reporter-output>
          </reporter-output>
        </test-method> <!-- launchApplication -->
        <test-method signature="serchProduct(java.lang.String,java.lang.String,java.lang.String,java.lang.String)[pri:0, instance:BOTPAssignment.SeleniumFrameworkDesign.Tests.SearchProductTest@1b9ea3e3]" started-at="2026-03-09T14:58:48 IST" name="serchProduct" data-provider="excelData" finished-at="2026-03-09T14:59:03 IST" duration-ms="14635" status="PASS">
          <params>
            <param index="0">
              <value>
                <![CDATA[pratibhapatil@gmail.com]]>
              </value>
            </param>
            <param index="1">
              <value>
                <![CDATA[Pratibha@04]]>
              </value>
            </param>
            <param index="2">
              <value>
                <![CDATA[ZARA COAT 3]]>
              </value>
            </param>
            <param index="3">
              <value>
                <![CDATA[iphone 13 pro]]>
              </value>
            </param>
          </params>
          <reporter-output>
          </reporter-output>
        </test-method> <!-- serchProduct -->
        <test-method is-config="true" signature="tearDown()[pri:0, instance:BOTPAssignment.SeleniumFrameworkDesign.Tests.SearchProductTest@1b9ea3e3]" started-at="2026-03-09T14:59:03 IST" name="tearDown" finished-at="2026-03-09T14:59:03 IST" duration-ms="451" status="PASS">
          <reporter-output>
          </reporter-output>
        </test-method> <!-- tearDown -->
      </class> <!-- BOTPAssignment.SeleniumFrameworkDesign.Tests.SearchProductTest -->
    </test> <!-- Search Product Test -->
    <test started-at="2026-03-09T14:59:03 IST" name="Order History" finished-at="2026-03-09T14:59:10 IST" duration-ms="7148">
      <class name="BOTPAssignment.SeleniumFrameworkDesign.Tests.OrderHistoryTest">
        <test-method is-config="true" signature="launchApplication()[pri:0, instance:BOTPAssignment.SeleniumFrameworkDesign.Tests.OrderHistoryTest@2af616d3]" started-at="2026-03-09T14:59:03 IST" name="launchApplication" finished-at="2026-03-09T14:59:09 IST" duration-ms="5414" status="PASS">
          <reporter-output>
          </reporter-output>
        </test-method> <!-- launchApplication -->
        <test-method signature="OrderHistory(java.lang.String,java.lang.String,java.lang.String,java.lang.String)[pri:0, instance:BOTPAssignment.SeleniumFrameworkDesign.Tests.OrderHistoryTest@2af616d3]" started-at="2026-03-09T14:59:09 IST" name="OrderHistory" data-provider="excelData" finished-at="2026-03-09T14:59:10 IST" duration-ms="1433" status="PASS">
          <params>
            <param index="0">
              <value>
                <![CDATA[pratibhapatil@gmail.com]]>
              </value>
            </param>
            <param index="1">
              <value>
                <![CDATA[Pratibha@04]]>
              </value>
            </param>
            <param index="2">
              <value>
                <![CDATA[ZARA COAT 3]]>
              </value>
            </param>
            <param index="3">
              <value>
                <![CDATA[iphone 13 pro]]>
              </value>
            </param>
          </params>
          <reporter-output>
          </reporter-output>
        </test-method> <!-- OrderHistory -->
        <test-method is-config="true" signature="tearDown()[pri:0, instance:BOTPAssignment.SeleniumFrameworkDesign.Tests.OrderHistoryTest@2af616d3]" started-at="2026-03-09T14:59:10 IST" name="tearDown" finished-at="2026-03-09T14:59:10 IST" duration-ms="246" status="PASS">
          <reporter-output>
          </reporter-output>
        </test-method> <!-- tearDown -->
      </class> <!-- BOTPAssignment.SeleniumFrameworkDesign.Tests.OrderHistoryTest -->
    </test> <!-- Order History -->
    <test started-at="2026-03-09T14:59:10 IST" name="product Validation Test" finished-at="2026-03-09T14:59:31 IST" duration-ms="20402">
      <class name="BOTPAssignment.SeleniumFrameworkDesign.Tests.ProductValidation">
        <test-method is-config="true" signature="launchApplication()[pri:0, instance:BOTPAssignment.SeleniumFrameworkDesign.Tests.ProductValidation@5ef8df1e]" started-at="2026-03-09T14:59:10 IST" name="launchApplication" finished-at="2026-03-09T14:59:15 IST" duration-ms="5053" status="PASS">
          <reporter-output>
          </reporter-output>
        </test-method> <!-- launchApplication -->
        <test-method signature="productErrorValidation(java.lang.String,java.lang.String,java.lang.String,java.lang.String)[pri:0, instance:BOTPAssignment.SeleniumFrameworkDesign.Tests.ProductValidation@5ef8df1e]" started-at="2026-03-09T14:59:15 IST" name="productErrorValidation" data-provider="excelData" finished-at="2026-03-09T14:59:30 IST" duration-ms="14870" status="PASS">
          <params>
            <param index="0">
              <value>
                <![CDATA[pratibhapatil@gmail.com]]>
              </value>
            </param>
            <param index="1">
              <value>
                <![CDATA[Pratibha@04]]>
              </value>
            </param>
            <param index="2">
              <value>
                <![CDATA[ZARA COAT 3]]>
              </value>
            </param>
            <param index="3">
              <value>
                <![CDATA[iphone 13 pro]]>
              </value>
            </param>
          </params>
          <reporter-output>
          </reporter-output>
        </test-method> <!-- productErrorValidation -->
        <test-method is-config="true" signature="tearDown()[pri:0, instance:BOTPAssignment.SeleniumFrameworkDesign.Tests.ProductValidation@5ef8df1e]" started-at="2026-03-09T14:59:30 IST" name="tearDown" finished-at="2026-03-09T14:59:31 IST" duration-ms="424" status="PASS">
          <reporter-output>
          </reporter-output>
        </test-method> <!-- tearDown -->
      </class> <!-- BOTPAssignment.SeleniumFrameworkDesign.Tests.ProductValidation -->
    </test> <!-- product Validation Test -->
  </suite> <!-- Suite -->
</testng-results>
