<?xml version="1.0" encoding="UTF-8"?>
<!-- Generated by org.testng.reporters.JUnitReportReporter -->
<testsuite hostname="INLEN8520062616" failures="0" tests="1" name="BOTPAssignment.SeleniumFrameworkDesign.Tests.ProductValidation" time="17.543" errors="0" timestamp="2026-03-06T12:46:54 IST" skipped="0">
  <testcase classname="BOTPAssignment.SeleniumFrameworkDesign.Tests.ProductValidation" name="productErrorValidation" time="17.543"/>
</testsuite> <!-- BOTPAssignment.SeleniumFrameworkDesign.Tests.ProductValidation -->
