<?xml version="1.0" encoding="UTF-8"?>
<!-- Generated by org.testng.reporters.JUnitReportReporter -->
<testsuite hostname="INLEN8520062616" failures="0" tests="1" name="BOTPAssignment.SeleniumFrameworkDesign.Tests.SubmitOrderTest" time="18.972" errors="0" timestamp="2026-03-09T11:41:55 IST" skipped="0">
  <testcase classname="BOTPAssignment.SeleniumFrameworkDesign.Tests.SubmitOrderTest" name="submitOrder" time="18.972"/>
</testsuite> <!-- BOTPAssignment.SeleniumFrameworkDesign.Tests.SubmitOrderTest -->
