<?xml version="1.0" encoding="UTF-8"?>
<!-- Generated by org.testng.reporters.JUnitReportReporter -->
<testsuite hostname="INLEN8520062616" failures="0" tests="2" name="BOTPAssignment.SeleniumFrameworkDesign.Tests.ErrorValicationsTest" time="22.364" errors="0" timestamp="2026-02-19T12:46:05 IST" skipped="0">
  <testcase classname="BOTPAssignment.SeleniumFrameworkDesign.Tests.ErrorValicationsTest" name="productErrorValidation" time="17.471"/>
  <testcase classname="BOTPAssignment.SeleniumFrameworkDesign.Tests.ErrorValicationsTest" name="submitOrder" time="4.893"/>
</testsuite> <!-- BOTPAssignment.SeleniumFrameworkDesign.Tests.ErrorValicationsTest -->
