<?xml version="1.0" encoding="UTF-8"?>
<!-- Generated by org.testng.reporters.JUnitReportReporter -->
<testsuite hostname="INLEN8520062616" failures="0" tests="1" name="BOTPAssignment.SeleniumFrameworkDesign.Tests.ErrorValidationsTest" time="2.845" errors="0" timestamp="2026-03-09T14:31:56 IST" skipped="0">
  <testcase classname="BOTPAssignment.SeleniumFrameworkDesign.Tests.ErrorValidationsTest" name="submitOrder" time="2.845"/>
</testsuite> <!-- BOTPAssignment.SeleniumFrameworkDesign.Tests.ErrorValidationsTest -->
