<?xml version="1.0" encoding="UTF-8"?>
<!-- Generated by org.testng.reporters.JUnitReportReporter -->
<testsuite hostname="INLEN8520062616" failures="0" tests="1" name="BOTPAssignment.SeleniumFrameworkDesign.Tests.OrderHistoryTest" time="6.685" errors="0" timestamp="2026-03-09T14:31:56 IST" skipped="0">
  <testcase classname="BOTPAssignment.SeleniumFrameworkDesign.Tests.OrderHistoryTest" name="OrderHistory" time="6.685"/>
</testsuite> <!-- BOTPAssignment.SeleniumFrameworkDesign.Tests.OrderHistoryTest -->
