<?xml version="1.0" encoding="UTF-8"?>
<!-- Generated by org.testng.reporters.JUnitReportReporter -->
<testsuite hostname="INLEN8520062616" failures="0" tests="1" name="BOTPAssignment.SeleniumFrameworkDesign.Tests.ErrorValications" time="14.023" errors="0" timestamp="2026-02-18T20:34:45 IST" skipped="0">
  <testcase classname="BOTPAssignment.SeleniumFrameworkDesign.Tests.ErrorValications" name="submitOrder" time="14.023"/>
</testsuite> <!-- BOTPAssignment.SeleniumFrameworkDesign.Tests.ErrorValications -->
